  Chad.cpp
  Cop.cpp
  Customer.cpp
  Enemy.cpp
  Entity.cpp
  console.cpp
C:\Users\aaaro\Documents\GitHub\ah\SP1Framework\SP1Framework\Framework\console.cpp(25,17): warning C4838: conversion from 'int' to 'SHORT' requires a narrowing conversion
C:\Users\aaaro\Documents\GitHub\ah\SP1Framework\SP1Framework\Framework\console.cpp(25,21): warning C4838: conversion from 'int' to 'SHORT' requires a narrowing conversion
C:\Users\aaaro\Documents\GitHub\ah\SP1Framework\SP1Framework\Framework\console.cpp(114,27): warning C4838: conversion from 'unsigned short' to 'SHORT' requires a narrowing conversion
C:\Users\aaaro\Documents\GitHub\ah\SP1Framework\SP1Framework\Framework\console.cpp(114,41): warning C4838: conversion from 'unsigned short' to 'SHORT' requires a narrowing conversion
C:\Users\aaaro\Documents\GitHub\ah\SP1Framework\SP1Framework\Framework\console.cpp(256,78): warning C4018: '<': signed/unsigned mismatch
C:\Users\aaaro\Documents\GitHub\ah\SP1Framework\SP1Framework\Framework\console.cpp(319,23): warning C4018: '<': signed/unsigned mismatch
  timer.cpp
  game.cpp
C:\Users\aaaro\Documents\GitHub\ah\SP1Framework\SP1Framework\game.cpp(919,20): warning C4838: conversion from 'int' to 'SHORT' requires a narrowing conversion
  Hoarder.cpp
  Item.cpp
  Karen.cpp
C:\Users\aaaro\Documents\GitHub\ah\SP1Framework\SP1Framework\Karen.cpp(42,10): warning C4244: 'initializing': conversion from 'double' to 'int', possible loss of data
C:\Users\aaaro\Documents\GitHub\ah\SP1Framework\SP1Framework\Karen.cpp(43,10): warning C4244: 'initializing': conversion from 'double' to 'int', possible loss of data
  main.cpp
  Map.cpp
  Player.cpp
  Generating Code...
  SP1Framework.vcxproj -> C:\Users\aaaro\Documents\GitHub\ah\SP1Framework\Debug\SP1Framework.exe
